<?xml version="1.0" encoding="utf-8" standalone="no"?>
<test-results xmlns:xsi="http://www.w3.org/2001/XMLSchema-instance" xsi:noNamespaceSchemaLocation="nunit_schema_2.5.xsd" name="Pester" total="3" errors="0" failures="1" not-run="3" inconclusive="0" ignored="0" skipped="0" invalid="0" date="2021-06-12" time="11:31:57">
  <environment user="JGrote" user-domain="TINYGOD" os-version="10.0.19042" nunit-version="2.5.8.0" cwd="C:\Users\JGrote\Projects\vscode-pester-test-adapter\sample" machine-name="TINYGOD" platform="Microsoft Windows 10 Enterprise|C:\WINDOWS|\Device\Harddisk0\Partition4" clr-version="Unknown" />
  <culture-info current-culture="en-US" current-uiculture="en-US" />
  <test-suite type="TestFixture" name="Pester" executed="True" result="Failure" success="False" time="1.0678" asserts="0" description="Pester">
    <results>
      <test-suite type="TestFixture" name="C:\Users\JGrote\Projects\vscode-pester-test-adapter\sample\Tests\Sample.Tests.ps1" executed="True" result="Failure" success="False" time="1.0678" asserts="0" description="C:\Users\JGrote\Projects\vscode-pester-test-adapter\sample\Tests\Sample.Tests.ps1">
        <results>
          <test-suite type="TestFixture" name="Sample Tests" executed="True" result="Failure" success="False" time="0.5382" asserts="0" description="Sample Tests">
            <results>
              <test-suite type="TestFixture" name="Sample Tests.Context" executed="True" result="Failure" success="False" time="0.4115" asserts="0" description="Sample Tests.Context">
                <results>
                  <test-case description="Context True" name="Sample Tests.Context.Context True" time="0.1878" asserts="0" success="True" result="Success" executed="True" />
                  <test-case description="Context False" name="Sample Tests.Context.Context False" time="0.1005" asserts="0" success="False" result="Failure" executed="True">
                    <failure>
                      <message>Expected $false, but got $true.
at It 'Context False' {$true | Should -be $false}, C:\Users\JGrote\Projects\vscode-pester-test-adapter\sample\Tests\Sample.Tests.ps1:4</message>
                      <stack-trace>at &lt;ScriptBlock&gt;, C:\Users\JGrote\Projects\vscode-pester-test-adapter\sample\Tests\Sample.Tests.ps1:4</stack-trace>
                    </failure>
                  </test-case>
                  <test-case description="Duplicate" name="Sample Tests.Context.Duplicate" time="0.013" asserts="0" success="True" result="Success" executed="True" />
                </results>
              </test-suite>
            </results>
          </test-suite>
        </results>
      </test-suite>
    </results>
  </test-suite>
</test-results>